<?xml version="1.0" encoding="UTF-8"?>
<!-- Generated by org.testng.reporters.JUnitXMLReporter -->
<testsuite hostname="INMAA1-L1005" name="GRP-feature2,feature3,feature1" tests="9" failures="0" timestamp="20 Feb 2015 06:40:27 GMT" time="0.021" errors="0">
  <testcase name="scenario1" time="0.006" classname="com.javarticles.testng.FunctionalTesting"/>
  <testcase name="scenario2" time="0.0" classname="com.javarticles.testng.FunctionalTesting"/>
  <testcase name="scenario3" time="0.001" classname="com.javarticles.testng.FunctionalTesting"/>
  <testcase name="unitTest1" time="0.0" classname="com.javarticles.testng.UnitLevelTesting"/>
  <testcase name="unitTest2" time="0.0" classname="com.javarticles.testng.UnitLevelTesting"/>
  <testcase name="unitTest3" time="0.001" classname="com.javarticles.testng.UnitLevelTesting"/>
  <testcase name="ui1" time="0.0" classname="com.javarticles.testng.UITesting"/>
  <testcase name="ui2" time="0.0" classname="com.javarticles.testng.UITesting"/>
  <testcase name="ui3" time="0.0" classname="com.javarticles.testng.UITesting"/>
</testsuite> <!-- GRP-feature2,feature3,feature1 -->
