<?xml version="1.0" encoding="UTF-8"?>
<!-- Generated by org.testng.reporters.JUnitXMLReporter -->
<testsuite hostname="INMAA1-L1005" name="UITest" tests="3" failures="0" timestamp="19 Feb 2015 04:27:32 GMT" time="0.02" errors="0">
  <testcase name="ui1" time="0.01" classname="com.javarticles.testng.UITesting"/>
  <testcase name="ui2" time="0.0" classname="com.javarticles.testng.UITesting"/>
  <testcase name="ui3" time="0.0" classname="com.javarticles.testng.UITesting"/>
</testsuite> <!-- UITest -->
