<?xml version="1.0" encoding="UTF-8"?>
<!-- Generated by org.testng.reporters.JUnitXMLReporter -->
<testsuite hostname="INMAA1-L1005" name="BusinessTest" tests="5" failures="0" timestamp="19 Feb 2015 16:49:21 GMT" time="0.01" errors="0">
  <testcase name="unitTest1" time="0.01" classname="com.javarticles.testng.UnitLevelTesting"/>
  <testcase name="unitTest2" time="0.0" classname="com.javarticles.testng.UnitLevelTesting"/>
  <testcase name="unitTest3" time="0.0" classname="com.javarticles.testng.UnitLevelTesting"/>
  <testcase name="scenario1" time="0.0" classname="com.javarticles.testng.FunctionalTesting"/>
  <testcase name="scenario2" time="0.0" classname="com.javarticles.testng.FunctionalTesting"/>
</testsuite> <!-- BusinessTest -->
