<?xml version="1.0" encoding="UTF-8"?>
<!-- Generated by org.testng.reporters.JUnitXMLReporter -->
<testsuite hostname="INMAA1-L1005" name="feauture1And2" tests="8" failures="0" timestamp="20 Feb 2015 06:22:41 GMT" time="0.021" errors="0">
  <testcase name="ui1" time="0.006" classname="com.javarticles.testng.UITesting"/>
  <testcase name="ui2" time="0.001" classname="com.javarticles.testng.UITesting"/>
  <testcase name="unitTest1" time="0.001" classname="com.javarticles.testng.UnitLevelTesting"/>
  <testcase name="unitTest2" time="0.001" classname="com.javarticles.testng.UnitLevelTesting"/>
  <testcase name="unitTest3" time="0.001" classname="com.javarticles.testng.UnitLevelTesting"/>
  <testcase name="scenario1" time="0.001" classname="com.javarticles.testng.FunctionalTesting"/>
  <testcase name="scenario2" time="0.0" classname="com.javarticles.testng.FunctionalTesting"/>
  <testcase name="scenario3" time="0.001" classname="com.javarticles.testng.FunctionalTesting"/>
</testsuite> <!-- feauture1And2 -->
