<?xml version="1.0" encoding="UTF-8"?>
<!-- Generated by org.testng.reporters.JUnitXMLReporter -->
<testsuite hostname="INMAA1-L1005" name="feauture1" tests="4" failures="0" timestamp="20 Feb 2015 06:21:24 GMT" time="0.017" errors="0">
  <testcase name="ui1" time="0.006" classname="com.javarticles.testng.UITesting"/>
  <testcase name="unitTest2" time="0.001" classname="com.javarticles.testng.UnitLevelTesting"/>
  <testcase name="scenario1" time="0.001" classname="com.javarticles.testng.FunctionalTesting"/>
  <testcase name="scenario2" time="0.001" classname="com.javarticles.testng.FunctionalTesting"/>
</testsuite> <!-- feauture1 -->
