<?xml version="1.0" encoding="UTF-8"?>
<!-- Generated by org.testng.reporters.JUnitXMLReporter -->
<testsuite hostname="INMAA1-L1005" name="feauture2" tests="4" failures="0" timestamp="20 Feb 2015 06:15:12 GMT" time="0.018" errors="0">
  <testcase name="ui2" time="0.007" classname="com.javarticles.testng.UITesting"/>
  <testcase name="unitTest1" time="0.0" classname="com.javarticles.testng.UnitLevelTesting"/>
  <testcase name="unitTest3" time="0.0" classname="com.javarticles.testng.UnitLevelTesting"/>
  <testcase name="scenario3" time="0.001" classname="com.javarticles.testng.FunctionalTesting"/>
</testsuite> <!-- feauture2 -->
