<?xml version="1.0" encoding="UTF-8"?>
<!-- Generated by org.testng.reporters.JUnitXMLReporter -->
<testsuite hostname="msi-l1073" ignored="0" name="FunctionalTesting" tests="3" failures="0" timestamp="01 Sep 2017 12:15:04 GMT" time="0.012" errors="0">
  <testcase name="scenario1" time="0.001" classname="testng.FunctionalTesting"/>
  <testcase name="scenario2" time="0.0" classname="testng.FunctionalTesting"/>
  <testcase name="scenario3" time="0.0" classname="testng.FunctionalTesting"/>
</testsuite> <!-- FunctionalTesting -->
