<?xml version="1.0" encoding="UTF-8"?>
<!-- Generated by org.testng.reporters.JUnitXMLReporter -->
<testsuite hostname="msi-l1073" ignored="7" name="SomeFeature" tests="3" failures="0" timestamp="01 Sep 2017 12:15:04 GMT" time="0.003" errors="0">
  <testcase name="ui1" time="0.0" classname="testng.UITesting"/>
  <testcase name="unitTest3" time="0.0" classname="testng.UnitLevelTesting"/>
  <testcase name="scenario2" time="0.0" classname="testng.FunctionalTesting"/>
  <testcase name="scenario3" time="0.0" classname="testng.FunctionalTesting">
    <ignored/>
  </testcase> <!-- scenario3 -->
  <testcase name="scenario1" time="0.0" classname="testng.FunctionalTesting">
    <ignored/>
  </testcase> <!-- scenario1 -->
  <testcase name="ui3" time="0.0" classname="testng.UITesting">
    <ignored/>
  </testcase> <!-- ui3 -->
  <testcase name="unitTest2" time="0.0" classname="testng.UnitLevelTesting">
    <ignored/>
  </testcase> <!-- unitTest2 -->
  <testcase name="ui4" time="0.0" classname="testng.UITesting">
    <ignored/>
  </testcase> <!-- ui4 -->
  <testcase name="ui2" time="0.0" classname="testng.UITesting">
    <ignored/>
  </testcase> <!-- ui2 -->
  <testcase name="unitTest1" time="0.0" classname="testng.UnitLevelTesting">
    <ignored/>
  </testcase> <!-- unitTest1 -->
</testsuite> <!-- SomeFeature -->
