<?xml version="1.0" encoding="UTF-8"?>
<!-- Generated by org.testng.reporters.JUnitXMLReporter -->
<testsuite hostname="msi-l1073" ignored="0" name="UITesting" tests="4" failures="0" timestamp="01 Sep 2017 12:15:04 GMT" time="0.002" errors="0">
  <testcase name="ui1" time="0.0" classname="testng.UITesting"/>
  <testcase name="ui2" time="0.0" classname="testng.UITesting"/>
  <testcase name="ui3" time="0.0" classname="testng.UITesting"/>
  <testcase name="ui4" time="0.0" classname="testng.UITesting"/>
</testsuite> <!-- UITesting -->
