<?xml version="1.0" encoding="UTF-8"?>
<!-- Generated by org.testng.reporters.JUnitXMLReporter -->
<testsuite hostname="msi-l1073" ignored="0" name="UnitTesting" tests="3" failures="0" timestamp="01 Sep 2017 12:15:04 GMT" time="0.018" errors="0">
  <testcase name="unitTest1" time="0.0" classname="testng.UnitLevelTesting"/>
  <testcase name="unitTest2" time="0.001" classname="testng.UnitLevelTesting"/>
  <testcase name="unitTest3" time="0.0" classname="testng.UnitLevelTesting"/>
</testsuite> <!-- UnitTesting -->
