<?xml version="1.0" encoding="UTF-8"?>
<testng-results skipped="0" failed="0" ignored="0" total="1" passed="1">
  <reporter-output>
  </reporter-output>
  <suite name="Default suite" duration-ms="8793" started-at="2017-09-06T11:48:20Z" finished-at="2017-09-06T11:48:29Z">
    <groups>
    </groups>
    <test name="Default test" duration-ms="8793" started-at="2017-09-06T11:48:20Z" finished-at="2017-09-06T11:48:29Z">
      <class name="TestCase.TestCase1">
        <test-method status="PASS" signature="Test_Case1()[pri:0, instance:TestCase.TestCase1@7921b0a2]" name="Test_Case1" duration-ms="8769" started-at="2017-09-06T17:18:20Z" finished-at="2017-09-06T17:18:29Z">
          <reporter-output>
          </reporter-output>
        </test-method> <!-- Test_Case1 -->
      </class> <!-- TestCase.TestCase1 -->
    </test> <!-- Default test -->
  </suite> <!-- Default suite -->
</testng-results>
