<?xml version="1.0" encoding="UTF-8"?>
<!-- Generated by org.testng.reporters.JUnitXMLReporter -->
<testsuite hostname="INMAA1-L1005" name="MethodParamScopedTest" tests="4" failures="0" timestamp="17 Feb 2015 11:12:28 GMT" time="0.012" errors="0">
  <testcase name="accessSuiteLevelParam" time="0.004" classname="com.javarticles.testng.TestClass1"/>
  <testcase name="beforeTest" time="0.0" classname="com.javarticles.testng.TestClass1"/>
  <testcase name="overrideCommonParam" time="0.0" classname="com.javarticles.testng.TestClass1"/>
  <testcase name="accessClassLevelParam" time="0.001" classname="com.javarticles.testng.TestClass2"/>
</testsuite> <!-- MethodParamScopedTest -->
