<?xml version="1.0" encoding="UTF-8"?>
<!-- Generated by org.testng.reporters.JUnitXMLReporter -->
<testsuite hostname="INMAA1-L1005" name="MethodParamTest" tests="1" failures="0" timestamp="17 Feb 2015 09:50:25 GMT" time="0.01" errors="0">
  <testcase name="@BeforeSuite beforeSuite" time="0.0" classname="com.javarticles.testng.TestClass1">
    <failure type="org.testng.TestNGException" message="
Parameter &amp;apos;classesParam&amp;apos; is required by @Configuration on method beforeSuite but has not been marked @Optional or defined
in C:\javarticles_ws\testNGMethodParameters\paramTestng.xml">
      <![CDATA[org.testng.TestNGException: 
Parameter 'classesParam' is required by @Configuration on method beforeSuite but has not been marked @Optional or defined
in C:\javarticles_ws\testNGMethodParameters\paramTestng.xml
... Removed 15 stack frames]]>
    </failure>
  </testcase> <!-- @BeforeSuite beforeSuite -->
  <testcase name="methodParmExample" time="0.003" classname="com.javarticles.testng.TestClass1">
    <skipped/>
  </testcase> <!-- methodParmExample -->
</testsuite> <!-- MethodParamTest -->
