<?xml version="1.0" encoding="UTF-8"?>
<testng-results skipped="0" failed="0" ignored="0" total="1" passed="1">
  <reporter-output>
  </reporter-output>
  <suite name="Default suite" duration-ms="647" started-at="2017-09-07T10:34:02Z" finished-at="2017-09-07T10:34:03Z">
    <groups>
    </groups>
    <test name="Default test" duration-ms="647" started-at="2017-09-07T10:34:02Z" finished-at="2017-09-07T10:34:03Z">
      <class name="ReadExcelData.ReadExcelData">
        <test-method status="PASS" signature="ReadExcelData_M()[pri:0, instance:ReadExcelData.ReadExcelData@4de8b406]" name="ReadExcelData_M" duration-ms="627" started-at="2017-09-07T16:04:02Z" finished-at="2017-09-07T16:04:03Z">
          <reporter-output>
          </reporter-output>
        </test-method> <!-- ReadExcelData_M -->
      </class> <!-- ReadExcelData.ReadExcelData -->
    </test> <!-- Default test -->
  </suite> <!-- Default suite -->
</testng-results>
