<?xml version="1.0" encoding="UTF-8"?>
<testng-results skipped="0" failed="0" ignored="0" total="1" passed="1">
  <reporter-output>
  </reporter-output>
  <suite name="Default suite" duration-ms="5535" started-at="2017-08-30T11:58:47Z" finished-at="2017-08-30T11:58:52Z">
    <groups>
    </groups>
    <test name="Default test" duration-ms="5535" started-at="2017-08-30T11:58:47Z" finished-at="2017-08-30T11:58:52Z">
      <class name="TestNG.Desired_Cap">
        <test-method status="PASS" signature="Test_DC()[pri:0, instance:TestNG.Desired_Cap@c038203]" name="Test_DC" duration-ms="5518" started-at="2017-08-30T17:28:47Z" finished-at="2017-08-30T17:28:52Z">
          <reporter-output>
          </reporter-output>
        </test-method> <!-- Test_DC -->
      </class> <!-- TestNG.Desired_Cap -->
    </test> <!-- Default test -->
  </suite> <!-- Default suite -->
</testng-results>
