<?xml version="1.0" encoding="UTF-8"?>
<testng-results skipped="0" failed="0" ignored="0" total="0" passed="0">
  <reporter-output>
  </reporter-output>
  <suite name="Default suite" duration-ms="10584" started-at="2017-08-30T10:54:37Z" finished-at="2017-08-30T10:54:48Z">
    <groups>
    </groups>
    <test name="Default test" duration-ms="10584" started-at="2017-08-30T10:54:37Z" finished-at="2017-08-30T10:54:48Z">
      <class name="Framework2.Test1">
        <test-method status="PASS" signature="Login()[pri:0, instance:Framework2.Test1@5ccddd20]" name="Login" is-config="true" duration-ms="5334" started-at="2017-08-30T16:24:37Z" finished-at="2017-08-30T16:24:42Z">
          <reporter-output>
          </reporter-output>
        </test-method> <!-- Login -->
        <test-method status="PASS" signature="Logout()[pri:0, instance:Framework2.Test1@5ccddd20]" name="Logout" is-config="true" duration-ms="5238" started-at="2017-08-30T16:24:42Z" finished-at="2017-08-30T16:24:48Z">
          <reporter-output>
          </reporter-output>
        </test-method> <!-- Logout -->
      </class> <!-- Framework2.Test1 -->
    </test> <!-- Default test -->
  </suite> <!-- Default suite -->
</testng-results>
